g:\render0314\trunk\render\x64\debug\vc142.pdb
g:\render0314\trunk\render\x64\debug\vc142.idb
g:\render0314\trunk\render\x64\debug\materialinstance.obj
g:\render0314\trunk\render\x64\debug\material.obj
g:\render0314\trunk\render\x64\debug\main.obj
g:\render0314\trunk\render\x64\debug\binarysaver.obj
g:\render0314\trunk\render\x64\debug\binaryreader.obj
g:\render0314\trunk\render\x64\debug\gametimer.obj
g:\render0314\trunk\render\x64\debug\engine.obj
g:\render0314\trunk\render\x64\debug\mathhelper.obj
g:\render0314\trunk\render\x64\debug\dxmath.obj
g:\render0314\trunk\render\x64\debug\meshcomponent.obj
g:\render0314\trunk\render\x64\debug\cameracomponent.obj
g:\render0314\trunk\render\x64\debug\win32application.obj
g:\render0314\trunk\render\x64\debug\dxapplication.obj
g:\render0314\trunk\render\x64\debug\staticmeshactor.obj
g:\render0314\trunk\render\x64\debug\spotlightactor.obj
g:\render0314\trunk\render\x64\debug\pointlightactor.obj
g:\render0314\trunk\render\x64\debug\lightactor.obj
g:\render0314\trunk\render\x64\debug\directioanllightactor.obj
g:\render0314\trunk\render\x64\debug\cameraactor.obj
g:\render0314\trunk\render\x64\debug\actor.obj
g:\render0314\trunk\render\x64\debug\buffer.obj
g:\render0314\trunk\render\x64\debug\spritefont.obj
g:\render0314\trunk\render\x64\debug\scenecapturecube.obj
g:\render0314\trunk\render\x64\debug\scenecapture2d.obj
g:\render0314\trunk\render\x64\debug\rendertarget.obj
g:\render0314\trunk\render\x64\debug\pso.obj
g:\render0314\trunk\render\x64\debug\inputlayout.obj
g:\render0314\trunk\render\x64\debug\textmanager.obj
g:\render0314\trunk\render\x64\debug\primitive.obj
g:\render0314\trunk\render\x64\debug\meshrepository.obj
g:\render0314\trunk\render\x64\debug\meshloader.obj
g:\render0314\trunk\render\x64\debug\mesh.obj
g:\render0314\trunk\render\x64\debug\kdtree.obj
g:\render0314\trunk\render\x64\debug\color.obj
g:\render0314\trunk\render\x64\debug\bvh.obj
g:\render0314\trunk\render\x64\debug\boudingbox.obj
g:\render0314\trunk\render\x64\debug\transform.obj
g:\render0314\trunk\render\x64\debug\math.obj
g:\render0314\trunk\render\x64\debug\materialrepository.obj
g:\render0314\trunk\render\x64\debug\d3d12utils.obj
g:\render0314\trunk\render\x64\debug\xxhash.obj
g:\render0314\trunk\render\x64\debug\stackallocator.obj
g:\render0314\trunk\render\x64\debug\reflectablestruct.obj
g:\render0314\trunk\render\x64\debug\texturerepository.obj
g:\render0314\trunk\render\x64\debug\texture.obj
g:\render0314\trunk\render\x64\debug\wictextureloader.obj
g:\render0314\trunk\render\x64\debug\hdrtextureloader.obj
g:\render0314\trunk\render\x64\debug\ddstextureloader.obj
g:\render0314\trunk\render\x64\debug\shader.obj
g:\render0314\trunk\render\x64\debug\viewport.obj
g:\render0314\trunk\render\x64\debug\view.obj
g:\render0314\trunk\render\x64\debug\d3d12texture.obj
g:\render0314\trunk\render\x64\debug\resource.obj
g:\render0314\trunk\render\x64\debug\memoryallocator.obj
g:\render0314\trunk\render\x64\debug\heapslotallocator.obj
g:\render0314\trunk\render\x64\debug\device.obj
g:\render0314\trunk\render\x64\debug\descriptorcache.obj
g:\render0314\trunk\render\x64\debug\d3d12rhi.obj
g:\render0314\trunk\render\x64\debug\commandcontext.obj
g:\render0314\trunk\render\x64\debug\world.obj
g:\render0314\trunk\render\x64\debug\render.tlog\cl.command.1.tlog
g:\render0314\trunk\render\x64\debug\render.tlog\cl.read.1.tlog
g:\render0314\trunk\render\x64\debug\render.tlog\cl.write.1.tlog
