  ================================================
  Building shaders to "G:\Render0314\trunk\Render\Shaders\Compiled"
  ================================================
  [BasePassDefault] VS...
  Microsoft (R) Direct3D Shader Compiler 10.1
  Copyright (C) 2013 Microsoft. All rights reserved.
  
  compilation object save succeeded; see G:\Render0314\trunk\Render\Shaders\Compiled\BasePassDefaultVS.cso
  [BasePassDefault] PS...
  Microsoft (R) Direct3D Shader Compiler 10.1
  Copyright (C) 2013 Microsoft. All rights reserved.
  
  compilation object save succeeded; see G:\Render0314\trunk\Render\Shaders\Compiled\BasePassDefaultPS.cso
  [Primitive] VS...
  Microsoft (R) Direct3D Shader Compiler 10.1
  Copyright (C) 2013 Microsoft. All rights reserved.
  
  compilation object save succeeded; see G:\Render0314\trunk\Render\Shaders\Compiled\PrimitiveVS.cso
  [Primitive] PS...
  Microsoft (R) Direct3D Shader Compiler 10.1
  Copyright (C) 2013 Microsoft. All rights reserved.
  
  compilation object save succeeded; see G:\Render0314\trunk\Render\Shaders\Compiled\PrimitivePS.cso
  [DefferedLightng] VS...
  Microsoft (R) Direct3D Shader Compiler 10.1
  Copyright (C) 2013 Microsoft. All rights reserved.
  
  compilation object save succeeded; see G:\Render0314\trunk\Render\Shaders\Compiled\DeferredLightingVS.cso
  [DefferedLightng] PS...
  Microsoft (R) Direct3D Shader Compiler 10.1
  Copyright (C) 2013 Microsoft. All rights reserved.
  
  compilation object save succeeded; see G:\Render0314\trunk\Render\Shaders\Compiled\DeferredLightingPS.cso
  [PostProcess] VS...
  Microsoft (R) Direct3D Shader Compiler 10.1
  Copyright (C) 2013 Microsoft. All rights reserved.
  
  compilation object save succeeded; see G:\Render0314\trunk\Render\Shaders\Compiled\PostProcess.cso
  [PostProcess] PS...
  Microsoft (R) Direct3D Shader Compiler 10.1
  Copyright (C) 2013 Microsoft. All rights reserved.
  
G:\Render0314\trunk\Render\Shaders\PostProcess.hlsl(52,27-49): warning X3571: pow(f, e) will not work for negative f, use abs(f) or conditionally handle negative values if you expect them
  
  compilation object save succeeded; see G:\Render0314\trunk\Render\Shaders\Compiled\PostProcess.cso
  
  All shaders compiled successfully.
  Actor.cpp
  CameraActor.cpp
  AreaLightActor.cpp
  DirectioanlLightActor.cpp
  LightActor.cpp
  PointLightActor.cpp
  SpotLightActor.cpp
  StaticMeshActor.cpp
  DXApplication.cpp
  Win32Application.cpp
  CameraComponent.cpp
  MeshComponent.cpp
  DXMath.cpp
G:\Render0314\trunk\Render\src\DXMath\Scalar.h(23,23): warning C4166: 构造函数/析构函数的非法调用约定
G:\Render0314\trunk\Render\src\DXMath\Scalar.h(24,23): warning C4166: 构造函数/析构函数的非法调用约定
G:\Render0314\trunk\Render\src\DXMath\Scalar.h(25,23): warning C4166: 构造函数/析构函数的非法调用约定
G:\Render0314\trunk\Render\src\DXMath\Scalar.h(26,32): warning C4166: 构造函数/析构函数的非法调用约定
G:\Render0314\trunk\Render\src\DXMath\Quaternion.h(21,22): warning C4166: 构造函数/析构函数的非法调用约定
G:\Render0314\trunk\Render\src\DXMath\Quaternion.h(22,22): warning C4166: 构造函数/析构函数的非法调用约定
G:\Render0314\trunk\Render\src\DXMath\Quaternion.h(23,22): warning C4166: 构造函数/析构函数的非法调用约定
G:\Render0314\trunk\Render\src\DXMath\Quaternion.h(24,31): warning C4166: 构造函数/析构函数的非法调用约定
G:\Render0314\trunk\Render\src\DXMath\Quaternion.h(25,31): warning C4166: 构造函数/析构函数的非法调用约定
G:\Render0314\trunk\Render\src\DXMath\Quaternion.h(26,31): warning C4166: 构造函数/析构函数的非法调用约定
G:\Render0314\trunk\Render\src\DXMath\Matrix3.h(23,22): warning C4166: 构造函数/析构函数的非法调用约定
G:\Render0314\trunk\Render\src\DXMath\Matrix3.h(24,22): warning C4166: 构造函数/析构函数的非法调用约定
G:\Render0314\trunk\Render\src\DXMath\Matrix3.h(29,22): warning C4166: 构造函数/析构函数的非法调用约定
G:\Render0314\trunk\Render\src\DXMath\Matrix3.h(34,22): warning C4166: 构造函数/析构函数的非法调用约定
G:\Render0314\trunk\Render\src\DXMath\Matrix3.h(35,31): warning C4166: 构造函数/析构函数的非法调用约定
G:\Render0314\trunk\Render\src\DXMath\Matrix3.h(40,31): warning C4166: 构造函数/析构函数的非法调用约定
G:\Render0314\trunk\Render\src\DXMath\Matrix3.h(45,31): warning C4166: 构造函数/析构函数的非法调用约定
G:\Render0314\trunk\Render\src\DXMath\Matrix4.h(22,23): warning C4166: 构造函数/析构函数的非法调用约定
G:\Render0314\trunk\Render\src\DXMath\Matrix4.h(23,23): warning C4166: 构造函数/析构函数的非法调用约定
G:\Render0314\trunk\Render\src\DXMath\Matrix4.h(28,23): warning C4166: 构造函数/析构函数的非法调用约定
G:\Render0314\trunk\Render\src\DXMath\Matrix4.h(29,23): warning C4166: 构造函数/析构函数的非法调用约定
G:\Render0314\trunk\Render\src\DXMath\Matrix4.h(30,23): warning C4166: 构造函数/析构函数的非法调用约定
G:\Render0314\trunk\Render\src\DXMath\Matrix4.h(37,23): warning C4166: 构造函数/析构函数的非法调用约定
G:\Render0314\trunk\Render\src\DXMath\Matrix4.h(38,23): warning C4166: 构造函数/析构函数的非法调用约定
G:\Render0314\trunk\Render\src\DXMath\Matrix4.h(45,23): warning C4166: 构造函数/析构函数的非法调用约定
G:\Render0314\trunk\Render\src\DXMath\Matrix4.h(46,23): warning C4166: 构造函数/析构函数的非法调用约定
G:\Render0314\trunk\Render\src\DXMath\Matrix4.h(47,23): warning C4166: 构造函数/析构函数的非法调用约定
  MathHelper.cpp
G:\Render0314\trunk\Render\src\DXMath\Scalar.h(23,23): warning C4166: 构造函数/析构函数的非法调用约定
G:\Render0314\trunk\Render\src\DXMath\Scalar.h(24,23): warning C4166: 构造函数/析构函数的非法调用约定
G:\Render0314\trunk\Render\src\DXMath\Scalar.h(25,23): warning C4166: 构造函数/析构函数的非法调用约定
G:\Render0314\trunk\Render\src\DXMath\Scalar.h(26,32): warning C4166: 构造函数/析构函数的非法调用约定
G:\Render0314\trunk\Render\src\DXMath\Quaternion.h(21,22): warning C4166: 构造函数/析构函数的非法调用约定
G:\Render0314\trunk\Render\src\DXMath\Quaternion.h(22,22): warning C4166: 构造函数/析构函数的非法调用约定
G:\Render0314\trunk\Render\src\DXMath\Quaternion.h(23,22): warning C4166: 构造函数/析构函数的非法调用约定
G:\Render0314\trunk\Render\src\DXMath\Quaternion.h(24,31): warning C4166: 构造函数/析构函数的非法调用约定
G:\Render0314\trunk\Render\src\DXMath\Quaternion.h(25,31): warning C4166: 构造函数/析构函数的非法调用约定
G:\Render0314\trunk\Render\src\DXMath\Quaternion.h(26,31): warning C4166: 构造函数/析构函数的非法调用约定
G:\Render0314\trunk\Render\src\DXMath\Matrix3.h(23,22): warning C4166: 构造函数/析构函数的非法调用约定
G:\Render0314\trunk\Render\src\DXMath\Matrix3.h(24,22): warning C4166: 构造函数/析构函数的非法调用约定
G:\Render0314\trunk\Render\src\DXMath\Matrix3.h(29,22): warning C4166: 构造函数/析构函数的非法调用约定
G:\Render0314\trunk\Render\src\DXMath\Matrix3.h(34,22): warning C4166: 构造函数/析构函数的非法调用约定
G:\Render0314\trunk\Render\src\DXMath\Matrix3.h(35,31): warning C4166: 构造函数/析构函数的非法调用约定
G:\Render0314\trunk\Render\src\DXMath\Matrix3.h(40,31): warning C4166: 构造函数/析构函数的非法调用约定
G:\Render0314\trunk\Render\src\DXMath\Matrix3.h(45,31): warning C4166: 构造函数/析构函数的非法调用约定
G:\Render0314\trunk\Render\src\DXMath\Matrix4.h(22,23): warning C4166: 构造函数/析构函数的非法调用约定
G:\Render0314\trunk\Render\src\DXMath\Matrix4.h(23,23): warning C4166: 构造函数/析构函数的非法调用约定
G:\Render0314\trunk\Render\src\DXMath\Matrix4.h(28,23): warning C4166: 构造函数/析构函数的非法调用约定
G:\Render0314\trunk\Render\src\DXMath\Matrix4.h(29,23): warning C4166: 构造函数/析构函数的非法调用约定
G:\Render0314\trunk\Render\src\DXMath\Matrix4.h(30,23): warning C4166: 构造函数/析构函数的非法调用约定
G:\Render0314\trunk\Render\src\DXMath\Matrix4.h(37,23): warning C4166: 构造函数/析构函数的非法调用约定
G:\Render0314\trunk\Render\src\DXMath\Matrix4.h(38,23): warning C4166: 构造函数/析构函数的非法调用约定
G:\Render0314\trunk\Render\src\DXMath\Matrix4.h(45,23): warning C4166: 构造函数/析构函数的非法调用约定
G:\Render0314\trunk\Render\src\DXMath\Matrix4.h(46,23): warning C4166: 构造函数/析构函数的非法调用约定
G:\Render0314\trunk\Render\src\DXMath\Matrix4.h(47,23): warning C4166: 构造函数/析构函数的非法调用约定
  Engine.cpp
  GameTimer.cpp
  BinaryReader.cpp
  BinarySaver.cpp
  Main.cpp
  Material.cpp
  正在编译...
  MaterialInstance.cpp
  MaterialRepository.cpp
  Math.cpp
  Transform.cpp
  BoudingBox.cpp
  BVH.cpp
  Color.cpp
  KdTree.cpp
  Mesh.cpp
  MeshLoader.cpp
C:\Program Files (x86)\Microsoft Visual Studio\2019\Community\VC\Tools\MSVC\14.29.30133\include\xstring(2541,23): warning C4244: “参数”: 从“wchar_t”转换到“const _Elem”，可能丢失数据
          with
          [
              _Elem=char
          ]
C:\Program Files (x86)\Microsoft Visual Studio\2019\Community\VC\Tools\MSVC\14.29.30133\include\xstring(2552): message : 查看对正在编译的函数 模板 实例化“void std::basic_string<char,std::char_traits<char>,std::allocator<char>>::_Construct<wchar_t*>(_Iter,const _Iter,std::input_iterator_tag)”的引用
          with
          [
              _Iter=wchar_t *
          ]
C:\Program Files (x86)\Microsoft Visual Studio\2019\Community\VC\Tools\MSVC\14.29.30133\include\xstring(2552): message : 查看对正在编译的函数 模板 实例化“void std::basic_string<char,std::char_traits<char>,std::allocator<char>>::_Construct<wchar_t*>(_Iter,const _Iter,std::input_iterator_tag)”的引用
          with
          [
              _Iter=wchar_t *
          ]
C:\Program Files (x86)\Microsoft Visual Studio\2019\Community\VC\Tools\MSVC\14.29.30133\include\xstring(2532): message : 查看对正在编译的函数 模板 实例化“void std::basic_string<char,std::char_traits<char>,std::allocator<char>>::_Construct<wchar_t*>(const _Iter,const _Iter,std::forward_iterator_tag)”的引用
          with
          [
              _Iter=wchar_t *
          ]
C:\Program Files (x86)\Microsoft Visual Studio\2019\Community\VC\Tools\MSVC\14.29.30133\include\xstring(2532): message : 查看对正在编译的函数 模板 实例化“void std::basic_string<char,std::char_traits<char>,std::allocator<char>>::_Construct<wchar_t*>(const _Iter,const _Iter,std::forward_iterator_tag)”的引用
          with
          [
              _Iter=wchar_t *
          ]
G:\Render0314\trunk\Render\src\Mesh\MeshLoader.cpp(14): message : 查看对正在编译的函数 模板 实例化“std::basic_string<char,std::char_traits<char>,std::allocator<char>>::basic_string<std::_String_iterator<std::_String_val<std::_Simple_types<_Elem>>>,0>(_Iter,_Iter,const _Alloc &)”的引用
          with
          [
              _Elem=wchar_t,
              _Iter=std::_String_iterator<std::_String_val<std::_Simple_types<wchar_t>>>,
              _Alloc=std::allocator<char>
          ]
G:\Render0314\trunk\Render\src\Mesh\MeshLoader.cpp(14): message : 查看对正在编译的函数 模板 实例化“std::basic_string<char,std::char_traits<char>,std::allocator<char>>::basic_string<std::_String_iterator<std::_String_val<std::_Simple_types<_Elem>>>,0>(_Iter,_Iter,const _Alloc &)”的引用
          with
          [
              _Elem=wchar_t,
              _Iter=std::_String_iterator<std::_String_val<std::_Simple_types<wchar_t>>>,
              _Alloc=std::allocator<char>
          ]
  MeshRepository.cpp
  Primitive.cpp
  TextManager.cpp
  InputLayout.cpp
  PSO.cpp
  Render.cpp
G:\Render0314\trunk\Render\src\Render\Render.cpp(5,10): warning C4067: 预处理器指令后有意外标记 - 应输入换行符
  RenderTarget.cpp
  SceneCapture2D.cpp
  SceneCaptureCube.cpp
  ShadowMap.cpp
  正在编译...
  SpriteFont.cpp
  Buffer.cpp
  CommandContext.cpp
  D3D12RHI.cpp
  DescriptorCache.cpp
  Device.cpp
  HeapSlotAllocator.cpp
  MemoryAllocator.cpp
  Resource.cpp
  D3D12Texture.cpp
  View.cpp
  Viewport.cpp
  Shader.cpp
  DDSTextureLoader.cpp
  HDRTextureLoader.cpp
  WICTextureLoader.cpp
  Texture.cpp
  TextureRepository.cpp
  ReflectableStruct.cpp
G:\Render0314\trunk\Render\src\Utility\ReflectableStruct.cpp(107,27): warning C4267: “+=”: 从“size_t”转换到“uint”，可能丢失数据
  StackAllocator.cpp
G:\Render0314\trunk\Render\src\Utility\StackAllocator.cpp(1,9): warning C4068: 未知的杂注“vengine_package”
G:\Render0314\trunk\Render\src\Utility\StackAllocator.cpp(43,54): warning C4244: “参数”: 从“double”转换到“const _Ty”，可能丢失数据
          with
          [
              _Ty=uint64
          ]
G:\Render0314\trunk\Render\src\Utility\StackAllocator.cpp(106,54): warning C4244: “参数”: 从“double”转换到“const _Ty”，可能丢失数据
          with
          [
              _Ty=uint64
          ]
  正在编译...
  xxhash.cpp
  D3D12Utils.cpp
  World.cpp
  正在生成代码
  Previous IPDB not found, fall back to full compilation.
  All 7363 functions were compiled because no usable IPDB/IOBJ from previous compilation was found.
  已完成代码的生成
  Render.vcxproj -> G:\Render0314\trunk\Render\x64\Release\Render.exe
