g:\render0314\trunk\render\x64\release\vc142.pdb
g:\render0314\trunk\render\x64\release\material.obj
g:\render0314\trunk\render\x64\release\main.obj
g:\render0314\trunk\render\x64\release\binarysaver.obj
g:\render0314\trunk\render\x64\release\binaryreader.obj
g:\render0314\trunk\render\x64\release\gametimer.obj
g:\render0314\trunk\render\x64\release\engine.obj
g:\render0314\trunk\render\x64\release\mathhelper.obj
g:\render0314\trunk\render\x64\release\dxmath.obj
g:\render0314\trunk\render\x64\release\meshcomponent.obj
g:\render0314\trunk\render\x64\release\cameracomponent.obj
g:\render0314\trunk\render\x64\release\win32application.obj
g:\render0314\trunk\render\x64\release\dxapplication.obj
g:\render0314\trunk\render\x64\release\staticmeshactor.obj
g:\render0314\trunk\render\x64\release\spotlightactor.obj
g:\render0314\trunk\render\x64\release\pointlightactor.obj
g:\render0314\trunk\render\x64\release\lightactor.obj
g:\render0314\trunk\render\x64\release\directioanllightactor.obj
g:\render0314\trunk\render\x64\release\arealightactor.obj
g:\render0314\trunk\render\x64\release\cameraactor.obj
g:\render0314\trunk\render\x64\release\actor.obj
g:\render0314\trunk\render\x64\release\shadowmap.obj
g:\render0314\trunk\render\x64\release\scenecapturecube.obj
g:\render0314\trunk\render\x64\release\scenecapture2d.obj
g:\render0314\trunk\render\x64\release\rendertarget.obj
g:\render0314\trunk\render\x64\release\render.obj
g:\render0314\trunk\render\x64\release\pso.obj
g:\render0314\trunk\render\x64\release\inputlayout.obj
g:\render0314\trunk\render\x64\release\textmanager.obj
g:\render0314\trunk\render\x64\release\primitive.obj
g:\render0314\trunk\render\x64\release\meshrepository.obj
g:\render0314\trunk\render\x64\release\meshloader.obj
g:\render0314\trunk\render\x64\release\mesh.obj
g:\render0314\trunk\render\x64\release\kdtree.obj
g:\render0314\trunk\render\x64\release\color.obj
g:\render0314\trunk\render\x64\release\bvh.obj
g:\render0314\trunk\render\x64\release\boudingbox.obj
g:\render0314\trunk\render\x64\release\transform.obj
g:\render0314\trunk\render\x64\release\math.obj
g:\render0314\trunk\render\x64\release\materialrepository.obj
g:\render0314\trunk\render\x64\release\materialinstance.obj
g:\render0314\trunk\render\x64\release\stackallocator.obj
g:\render0314\trunk\render\x64\release\reflectablestruct.obj
g:\render0314\trunk\render\x64\release\texturerepository.obj
g:\render0314\trunk\render\x64\release\texture.obj
g:\render0314\trunk\render\x64\release\wictextureloader.obj
g:\render0314\trunk\render\x64\release\hdrtextureloader.obj
g:\render0314\trunk\render\x64\release\ddstextureloader.obj
g:\render0314\trunk\render\x64\release\shader.obj
g:\render0314\trunk\render\x64\release\viewport.obj
g:\render0314\trunk\render\x64\release\view.obj
g:\render0314\trunk\render\x64\release\d3d12texture.obj
g:\render0314\trunk\render\x64\release\resource.obj
g:\render0314\trunk\render\x64\release\memoryallocator.obj
g:\render0314\trunk\render\x64\release\heapslotallocator.obj
g:\render0314\trunk\render\x64\release\device.obj
g:\render0314\trunk\render\x64\release\descriptorcache.obj
g:\render0314\trunk\render\x64\release\d3d12rhi.obj
g:\render0314\trunk\render\x64\release\commandcontext.obj
g:\render0314\trunk\render\x64\release\buffer.obj
g:\render0314\trunk\render\x64\release\spritefont.obj
g:\render0314\trunk\render\x64\release\world.obj
g:\render0314\trunk\render\x64\release\d3d12utils.obj
g:\render0314\trunk\render\x64\release\xxhash.obj
g:\render0314\trunk\render\x64\release\render.tlog\cl.command.1.tlog
g:\render0314\trunk\render\x64\release\render.tlog\cl.read.1.tlog
g:\render0314\trunk\render\x64\release\render.tlog\cl.write.1.tlog
g:\render0314\trunk\render\x64\release\render.tlog\link.command.1.tlog
g:\render0314\trunk\render\x64\release\render.tlog\link.read.1.tlog
g:\render0314\trunk\render\x64\release\render.tlog\link.write.1.tlog
